<?xml version="1.0" encoding="UTF-8"?>
<testng-results skipped="0" failed="0" ignored="0" total="1" passed="1">
  <reporter-output>
  </reporter-output>
  <suite name="Default suite" duration-ms="15131" started-at="2019-03-06T17:34:58Z" finished-at="2019-03-06T17:35:13Z">
    <groups>
      <group name="cucumber">
        <method signature="AbstractTestNGCucumberTests.runScenario(cucumber.api.testng.PickleEventWrapper, cucumber.api.testng.CucumberFeatureWrapper)[pri:0, instance:runner.TestRunner@365185bd]" name="runScenario" class="cucumber.api.testng.AbstractTestNGCucumberTests"/>
      </group> <!-- cucumber -->
    </groups>
    <test name="Default test" duration-ms="15131" started-at="2019-03-06T17:34:58Z" finished-at="2019-03-06T17:35:13Z">
      <class name="runner.TestRunner">
        <test-method status="PASS" signature="setUpClass()[pri:0, instance:runner.TestRunner@365185bd]" name="setUpClass" is-config="true" duration-ms="168" started-at="2019-03-06T17:34:58Z" finished-at="2019-03-06T17:34:58Z">
          <reporter-output>
          </reporter-output>
        </test-method> <!-- setUpClass -->
        <test-method status="PASS" signature="runScenario(cucumber.api.testng.PickleEventWrapper, cucumber.api.testng.CucumberFeatureWrapper)[pri:0, instance:runner.TestRunner@365185bd]" name="runScenario" duration-ms="14886" started-at="2019-03-06T17:34:58Z" description="Runs Cucumber Scenarios" data-provider="scenarios" finished-at="2019-03-06T17:35:13Z">
          <params>
            <param index="0">
              <value>
                <![CDATA["Test login with valid credentials"]]>
              </value>
            </param>
            <param index="1">
              <value>
                <![CDATA["Test Facebook smoke scenario"]]>
              </value>
            </param>
          </params>
          <reporter-output>
          </reporter-output>
        </test-method> <!-- runScenario -->
        <test-method status="PASS" signature="tearDownClass()[pri:0, instance:runner.TestRunner@365185bd]" name="tearDownClass" is-config="true" duration-ms="6" started-at="2019-03-06T17:35:13Z" finished-at="2019-03-06T17:35:13Z">
          <reporter-output>
          </reporter-output>
        </test-method> <!-- tearDownClass -->
      </class> <!-- runner.TestRunner -->
    </test> <!-- Default test -->
  </suite> <!-- Default suite -->
</testng-results>
